# JRE version: OpenJDK Runtime Environment OpenLogic-OpenJDK (21.0.8+9) (build 21.0.8+9-adhoc.Administrator.jdk21u)
# Java VM: OpenJDK 64-Bit Server VM OpenLogic-OpenJDK (21.0.8+9-adhoc.Administrator.jdk21u, mixed mode, sharing, tiered, compressed oops, compressed class ptrs, g1 gc, windows-amd64)
GC Precious Log:
 CardTable entry size: 512
 Card Set container configuration: InlinePtr #cards 5 size 8 Array Of Cards #cards 12 size 40 Howl #buckets 4 coarsen threshold 1843 Howl Bitmap #cards 512 size 80 coarsen threshold 460 Card regions per heap region 1 cards per card region 2048
 CPUs: 2 total, 2 available
 Memory: 3769M
 Large Page Support: Disabled
 NUMA Support: Disabled
 Compressed Oops: Enabled (32-bit)
 Heap Region Size: 1M
 Heap Min Capacity: 64M
 Heap Initial Capacity: 64M
 Heap Max Capacity: 64M
 Pre-touch: Disabled
 Parallel Workers: 2
 Concurrent Workers: 1
 Concurrent Refinement Workers: 2
 Periodic GC: Disabled
Heap:
 garbage-first heap   total 65536K, used 41910K [0x00000000fc000000, 0x0000000100000000)
  region size 1024K, 35 young (35840K), 5 survivors (5120K)
 Metaspace       used 10983K, committed 11264K, reserved 1114112K
  class space    used 1424K, committed 1536K, reserved 1048576K
GC Heap History (8 events):
Event: 1.481 GC heap before
{Heap before GC invocations=0 (full 0):
 garbage-first heap   total 65536K, used 6144K [0x00000000fc000000, 0x0000000100000000)
  region size 1024K, 6 young (6144K), 0 survivors (0K)
 Metaspace       used 1521K, committed 1728K, reserved 1114112K
  class space    used 151K, committed 256K, reserved 1048576K
}
Event: 1.490 GC heap after
{Heap after GC invocations=1 (full 0):
 garbage-first heap   total 65536K, used 1289K [0x00000000fc000000, 0x0000000100000000)
  region size 1024K, 1 young (1024K), 1 survivors (1024K)
 Metaspace       used 1521K, committed 1728K, reserved 1114112K
  class space    used 151K, committed 256K, reserved 1048576K
}
Event: 1.891 GC heap before
{Heap before GC invocations=1 (full 0):
 garbage-first heap   total 65536K, used 6409K [0x00000000fc000000, 0x0000000100000000)
  region size 1024K, 7 young (7168K), 1 survivors (1024K)
 Metaspace       used 1557K, committed 1728K, reserved 1114112K
  class space    used 151K, committed 256K, reserved 1048576K
}
Event: 1.895 GC heap after
{Heap after GC invocations=2 (full 0):
 garbage-first heap   total 65536K, used 1711K [0x00000000fc000000, 0x0000000100000000)
  region size 1024K, 1 young (1024K), 1 survivors (1024K)
 Metaspace       used 1557K, committed 1728K, reserved 1114112K
  class space    used 151K, committed 256K, reserved 1048576K
}
Event: 2.633 GC heap before
{Heap before GC invocations=2 (full 0):
 garbage-first heap   total 65536K, used 13999K [0x00000000fc000000, 0x0000000100000000)
  region size 1024K, 13 young (13312K), 1 survivors (1024K)
 Metaspace       used 1680K, committed 1856K, reserved 1114112K
  class space    used 153K, committed 256K, reserved 1048576K
}
Event: 2.635 GC heap after
{Heap after GC invocations=3 (full 0):
 garbage-first heap   total 65536K, used 2349K [0x00000000fc000000, 0x0000000100000000)
  region size 1024K, 1 young (1024K), 1 survivors (1024K)
 Metaspace       used 1680K, committed 1856K, reserved 1114112K
  class space    used 153K, committed 256K, reserved 1048576K
}
Event: 8.382 GC heap before
{Heap before GC invocations=3 (full 0):
 garbage-first heap   total 65536K, used 42285K [0x00000000fc000000, 0x0000000100000000)
  region size 1024K, 38 young (38912K), 1 survivors (1024K)
 Metaspace       used 9175K, committed 9536K, reserved 1114112K
  class space    used 1252K, committed 1408K, reserved 1048576K
}
Event: 8.396 GC heap after
{Heap after GC invocations=4 (full 0):
 garbage-first heap   total 65536K, used 12214K [0x00000000fc000000, 0x0000000100000000)
  region size 1024K, 5 young (5120K), 5 survivors (5120K)
 Metaspace       used 9175K, committed 9536K, reserved 1114112K
  class space    used 1252K, committed 1408K, reserved 1048576K
}

